<?xml version="1.0" encoding="UTF-8"?>
<!-- Generated by org.testng.reporters.JUnitReportReporter -->
<testsuite skipped="0" hostname="DESKTOP-1T9BKGO" name="runner.TestRunner" tests="1" failures="0" timestamp="11 kwi 2018 09:08:11 GMT" time="0.244" errors="0">
  <testcase name="feature" time="0.244" classname="runner.TestRunner"/>
</testsuite> <!-- runner.TestRunner -->
